<html>
<head>
<title>TestNG:  Test</title>
<link href="../testng.css" rel="stylesheet" type="text/css" />
<link href="../my-testng.css" rel="stylesheet" type="text/css" />

<style type="text/css">
.log { display: none;} 
.stack-trace { display: none;} 
</style>
<script type="text/javascript">
<!--
function flip(e) {
  current = e.style.display;
  if (current == 'block') {
    e.style.display = 'none';
    return 0;
  }
  else {
    e.style.display = 'block';
    return 1;
  }
}

function toggleBox(szDivId, elem, msg1, msg2)
{
  var res = -1;  if (document.getElementById) {
    res = flip(document.getElementById(szDivId));
  }
  else if (document.all) {
    // this is the way old msie versions work
    res = flip(document.all[szDivId]);
  }
  if(elem) {
    if(res == 0) elem.innerHTML = msg1; else elem.innerHTML = msg2;
  }

}

function toggleAllBoxes() {
  if (document.getElementsByTagName) {
    d = document.getElementsByTagName('div');
    for (i = 0; i < d.length; i++) {
      if (d[i].className == 'log') {
        flip(d[i]);
      }
    }
  }
}

// -->
</script>

</head>
<body>
<h2 align='center'>Test</h2><table border='1' align="center">
<tr>
<td>Tests passed/Failed/Skipped:</td><td>6/2/3</td>
</tr><tr>
<td>Started on:</td><td>Thu Mar 01 12:11:48 MSK 2018</td>
</tr>
<tr><td>Total time:</td><td>6 seconds (6658 ms)</td>
</tr><tr>
<td>Included groups:</td><td></td>
</tr><tr>
<td>Excluded groups:</td><td></td>
</tr>
</table><p/>
<small><i>(Hover the method name to see the test class name)</i></small><p/>
<table width='100%' border='1' class='invocation-failed'>
<tr><td colspan='4' align='center'><b>FAILED TESTS</b></td></tr>
<tr><td><b>Test method</b></td>
<td width="30%"><b>Exception</b></td>
<td width="10%"><b>Time (seconds)</b></td>
<td><b>Instance</b></td>
</tr>
<tr>
<td title='epam.rest.utenkov.DashboardTest.addDashboard()'><b>addDashboard</b><br>Test class: epam.rest.utenkov.DashboardTest<br/>
<a href="#Output-592088871" onClick='toggleBox("Output-592088871", this, "Show output", "Hide output");'>Show output</a>

<a href="#Output-592088871" onClick="toggleAllBoxes();">Show all outputs</a>
<div class='log' id="Output-592088871">
ReportingAppender:  INFO shboardTest#  27: Dashboard created: Dushboard name: NoName; Description: JustForTest; is share: false<br><br/>
</div>
</td>
<td><div><pre>javax.xml.bind.MarshalException
 - with linked exception:
[com.sun.istack.internal.SAXException2: unable to marshal type &quot;epam.rest.utenkov.bo.Dashboard&quot; as an element because it is missing an @XmlRootElement annotation]
	at com.sun.xml.internal.bind.v2.runtime.MarshallerImpl.write(Unknown Source)
	at com.sun.xml.internal.bind.v2.runtime.MarshallerImpl.marshal(Unknown Source)
	at javax.xml.bind.helpers.AbstractMarshallerImpl.marshal(Unknown Source)
	at javax.xml.bind.Marshaller$marshal$0.call(Unknown Source)
	at org.codehaus.groovy.runtime.callsite.CallSiteArray.defaultCall(CallSiteArray.java:48)
	at org.codehaus.groovy.runtime.callsite.AbstractCallSite.call(AbstractCallSite.java:113)
	at org.codehaus.groovy.runtime.callsite.AbstractCallSite.call(AbstractCallSite.java:133)
	at io.restassured.internal.mapping.JaxbMapper.serialize(JaxbMapper.groovy:52)
	at io.restassured.mapper.ObjectMapper$serialize.call(Unknown Source)
	at org.codehaus.groovy.runtime.callsite.CallSiteArray.defaultCall(CallSiteArray.java:48)
	at org.codehaus.groovy.runtime.callsite.AbstractCallSite.call(AbstractCallSite.java:113)
	at org.codehaus.groovy.runtime.callsite.AbstractCallSite.call(AbstractCallSite.java:125)
	at io.restassured.internal.mapping.ObjectMapping.serializeWithJaxb(ObjectMapping.groovy:186)
	at org.codehaus.groovy.runtime.callsite.StaticMetaMethodSite$StaticMetaMethodSiteNoUnwrapNoCoerce.invoke(StaticMetaMethodSite.java:151)
	at org.codehaus.groovy.runtime.callsite.StaticMetaMethodSite.callStatic(StaticMetaMethodSite.java:102)
	at org.codehaus.groovy.runtime.callsite.CallSiteArray.defaultCallStatic(CallSiteArray.java:56)
	at org.codehaus.groovy.runtime.callsite.AbstractCallSite.callStatic(AbstractCallSite.java:194)
	at org.codehaus.groovy.runtime.callsite.AbstractCallSite.callStatic(AbstractCallSite.java:214)
	at io.restassured.internal.mapping.ObjectMapping.serialize(ObjectMapping.groovy:123)
	at io.restassured.internal.mapping.ObjectMapping$serialize.call(Unknown Source)
	at org.codehaus.groovy.runtime.callsite.CallSiteArray.defaultCall(CallSiteArray.java:48)
	at org.codehaus.groovy.runtime.callsite.AbstractCallSite.call(AbstractCallSite.java:113)
	at io.restassured.internal.RequestSpecificationImpl.body(RequestSpecificationImpl.groovy:831)
	at epam.rest.utenkov.DashboardTest.addDashboard(DashboardTest.java:28)
Caused by: com.sun.istack.internal.SAXException2: unable to marshal type &quot;epam.rest.utenkov.bo.Dashboard&quot; as an element because it is missing an @XmlRootElement annotation
	at com.sun.xml.internal.bind.v2.runtime.XMLSerializer.reportError(Unknown Source)
	at com.sun.xml.internal.bind.v2.runtime.ClassBeanInfoImpl.serializeRoot(Unknown Source)
	at com.sun.xml.internal.bind.v2.runtime.XMLSerializer.childAsRoot(Unknown Source)
	... 54 more
... Removed 30 stack frames</pre></div><a href='#' onClick='toggleBox("stack-trace592088871", this, "Click to show all stack frames", "Click to hide stack frames")'>Click to show all stack frames</a>
<div class='stack-trace' id='stack-trace592088871'><pre>javax.xml.bind.MarshalException
 - with linked exception:
[com.sun.istack.internal.SAXException2: unable to marshal type &quot;epam.rest.utenkov.bo.Dashboard&quot; as an element because it is missing an @XmlRootElement annotation]
	at com.sun.xml.internal.bind.v2.runtime.MarshallerImpl.write(Unknown Source)
	at com.sun.xml.internal.bind.v2.runtime.MarshallerImpl.marshal(Unknown Source)
	at javax.xml.bind.helpers.AbstractMarshallerImpl.marshal(Unknown Source)
	at javax.xml.bind.Marshaller$marshal$0.call(Unknown Source)
	at org.codehaus.groovy.runtime.callsite.CallSiteArray.defaultCall(CallSiteArray.java:48)
	at org.codehaus.groovy.runtime.callsite.AbstractCallSite.call(AbstractCallSite.java:113)
	at org.codehaus.groovy.runtime.callsite.AbstractCallSite.call(AbstractCallSite.java:133)
	at io.restassured.internal.mapping.JaxbMapper.serialize(JaxbMapper.groovy:52)
	at io.restassured.mapper.ObjectMapper$serialize.call(Unknown Source)
	at org.codehaus.groovy.runtime.callsite.CallSiteArray.defaultCall(CallSiteArray.java:48)
	at org.codehaus.groovy.runtime.callsite.AbstractCallSite.call(AbstractCallSite.java:113)
	at org.codehaus.groovy.runtime.callsite.AbstractCallSite.call(AbstractCallSite.java:125)
	at io.restassured.internal.mapping.ObjectMapping.serializeWithJaxb(ObjectMapping.groovy:186)
	at sun.reflect.NativeMethodAccessorImpl.invoke0(Native Method)
	at sun.reflect.NativeMethodAccessorImpl.invoke(Unknown Source)
	at sun.reflect.DelegatingMethodAccessorImpl.invoke(Unknown Source)
	at java.lang.reflect.Method.invoke(Unknown Source)
	at org.codehaus.groovy.reflection.CachedMethod.invoke(CachedMethod.java:93)
	at org.codehaus.groovy.runtime.callsite.StaticMetaMethodSite$StaticMetaMethodSiteNoUnwrapNoCoerce.invoke(StaticMetaMethodSite.java:151)
	at org.codehaus.groovy.runtime.callsite.StaticMetaMethodSite.callStatic(StaticMetaMethodSite.java:102)
	at org.codehaus.groovy.runtime.callsite.CallSiteArray.defaultCallStatic(CallSiteArray.java:56)
	at org.codehaus.groovy.runtime.callsite.AbstractCallSite.callStatic(AbstractCallSite.java:194)
	at org.codehaus.groovy.runtime.callsite.AbstractCallSite.callStatic(AbstractCallSite.java:214)
	at io.restassured.internal.mapping.ObjectMapping.serialize(ObjectMapping.groovy:123)
	at io.restassured.internal.mapping.ObjectMapping$serialize.call(Unknown Source)
	at org.codehaus.groovy.runtime.callsite.CallSiteArray.defaultCall(CallSiteArray.java:48)
	at org.codehaus.groovy.runtime.callsite.AbstractCallSite.call(AbstractCallSite.java:113)
	at io.restassured.internal.RequestSpecificationImpl.body(RequestSpecificationImpl.groovy:831)
	at epam.rest.utenkov.DashboardTest.addDashboard(DashboardTest.java:28)
	at sun.reflect.NativeMethodAccessorImpl.invoke0(Native Method)
	at sun.reflect.NativeMethodAccessorImpl.invoke(Unknown Source)
	at sun.reflect.DelegatingMethodAccessorImpl.invoke(Unknown Source)
	at java.lang.reflect.Method.invoke(Unknown Source)
	at org.testng.internal.MethodInvocationHelper.invokeMethod(MethodInvocationHelper.java:124)
	at org.testng.internal.Invoker.invokeMethod(Invoker.java:571)
	at org.testng.internal.Invoker.invokeTestMethod(Invoker.java:707)
	at org.testng.internal.Invoker.invokeTestMethods(Invoker.java:979)
	at org.testng.internal.TestMethodWorker.invokeTestMethods(TestMethodWorker.java:125)
	at org.testng.internal.TestMethodWorker.run(TestMethodWorker.java:109)
	at org.testng.TestRunner.privateRun(TestRunner.java:648)
	at org.testng.TestRunner.run(TestRunner.java:505)
	at org.testng.SuiteRunner.runTest(SuiteRunner.java:455)
	at org.testng.SuiteRunner.runSequentially(SuiteRunner.java:450)
	at org.testng.SuiteRunner.privateRun(SuiteRunner.java:415)
	at org.testng.SuiteRunner.run(SuiteRunner.java:364)
	at org.testng.SuiteRunnerWorker.runSuite(SuiteRunnerWorker.java:52)
	at org.testng.SuiteRunnerWorker.run(SuiteRunnerWorker.java:84)
	at org.testng.TestNG.runSuitesSequentially(TestNG.java:1187)
	at org.testng.TestNG.runSuitesLocally(TestNG.java:1116)
	at org.testng.TestNG.runSuites(TestNG.java:1028)
	at org.testng.TestNG.run(TestNG.java:996)
	at org.testng.remote.AbstractRemoteTestNG.run(AbstractRemoteTestNG.java:114)
	at org.testng.remote.RemoteTestNG.initAndRun(RemoteTestNG.java:251)
	at org.testng.remote.RemoteTestNG.main(RemoteTestNG.java:77)
Caused by: com.sun.istack.internal.SAXException2: unable to marshal type &quot;epam.rest.utenkov.bo.Dashboard&quot; as an element because it is missing an @XmlRootElement annotation
	at com.sun.xml.internal.bind.v2.runtime.XMLSerializer.reportError(Unknown Source)
	at com.sun.xml.internal.bind.v2.runtime.ClassBeanInfoImpl.serializeRoot(Unknown Source)
	at com.sun.xml.internal.bind.v2.runtime.XMLSerializer.childAsRoot(Unknown Source)
	... 54 more
</pre></div></td>
<td>0</td>
<td>epam.rest.utenkov.DashboardTest@31dc339b</td></tr>
<tr>
<td title='epam.rest.utenkov.DashboardTest.testDeleteRequest()'><b>testDeleteRequest</b><br>Test class: epam.rest.utenkov.DashboardTest<br/>
<a href="#Output-1182985125" onClick='toggleBox("Output-1182985125", this, "Show output", "Hide output");'>Show output</a>

<a href="#Output-1182985125" onClick="toggleAllBoxes();">Show all outputs</a>
<div class='log' id="Output-1182985125">
ReportingAppender:  INFO shboardTest#  72: start mathod [testDeleteRequest]<br><br/>
</div>
</td>
<td><div><pre>java.lang.AssertionError: 1 expectation failed.
Expected status code &lt;200&gt; but was &lt;405&gt;.

	at org.codehaus.groovy.runtime.callsite.ConstructorSite$ConstructorSiteNoUnwrap.callConstructor(ConstructorSite.java:84)
	at org.codehaus.groovy.runtime.callsite.CallSiteArray.defaultCallConstructor(CallSiteArray.java:60)
	at org.codehaus.groovy.runtime.callsite.AbstractCallSite.callConstructor(AbstractCallSite.java:235)
	at org.codehaus.groovy.runtime.callsite.AbstractCallSite.callConstructor(AbstractCallSite.java:247)
	at io.restassured.internal.ResponseSpecificationImpl$HamcrestAssertionClosure.validate(ResponseSpecificationImpl.groovy:482)
	at io.restassured.internal.ResponseSpecificationImpl$HamcrestAssertionClosure$validate$1.call(Unknown Source)
	at io.restassured.internal.ResponseSpecificationImpl.validateResponseIfRequired(ResponseSpecificationImpl.groovy:654)
	at org.codehaus.groovy.runtime.callsite.PogoMetaMethodSite$PogoCachedMethodSiteNoUnwrapNoCoerce.invoke(PogoMetaMethodSite.java:210)
	at org.codehaus.groovy.runtime.callsite.PogoMetaMethodSite.callCurrent(PogoMetaMethodSite.java:59)
	at org.codehaus.groovy.runtime.callsite.AbstractCallSite.callCurrent(AbstractCallSite.java:166)
	at io.restassured.internal.ResponseSpecificationImpl.statusCode(ResponseSpecificationImpl.groovy:124)
	at io.restassured.specification.ResponseSpecification$statusCode$1.callCurrent(Unknown Source)
	at io.restassured.internal.ResponseSpecificationImpl.statusCode(ResponseSpecificationImpl.groovy:132)
	at io.restassured.internal.ValidatableResponseOptionsImpl.statusCode(ValidatableResponseOptionsImpl.java:119)
	at epam.rest.utenkov.DashboardTest.testDeleteRequest(DashboardTest.java:75)
... Removed 35 stack frames</pre></div><a href='#' onClick='toggleBox("stack-trace1182985125", this, "Click to show all stack frames", "Click to hide stack frames")'>Click to show all stack frames</a>
<div class='stack-trace' id='stack-trace1182985125'><pre>java.lang.AssertionError: 1 expectation failed.
Expected status code &lt;200&gt; but was &lt;405&gt;.

	at sun.reflect.NativeConstructorAccessorImpl.newInstance0(Native Method)
	at sun.reflect.NativeConstructorAccessorImpl.newInstance(Unknown Source)
	at sun.reflect.DelegatingConstructorAccessorImpl.newInstance(Unknown Source)
	at java.lang.reflect.Constructor.newInstance(Unknown Source)
	at org.codehaus.groovy.reflection.CachedConstructor.invoke(CachedConstructor.java:83)
	at org.codehaus.groovy.reflection.CachedConstructor.doConstructorInvoke(CachedConstructor.java:77)
	at org.codehaus.groovy.runtime.callsite.ConstructorSite$ConstructorSiteNoUnwrap.callConstructor(ConstructorSite.java:84)
	at org.codehaus.groovy.runtime.callsite.CallSiteArray.defaultCallConstructor(CallSiteArray.java:60)
	at org.codehaus.groovy.runtime.callsite.AbstractCallSite.callConstructor(AbstractCallSite.java:235)
	at org.codehaus.groovy.runtime.callsite.AbstractCallSite.callConstructor(AbstractCallSite.java:247)
	at io.restassured.internal.ResponseSpecificationImpl$HamcrestAssertionClosure.validate(ResponseSpecificationImpl.groovy:482)
	at io.restassured.internal.ResponseSpecificationImpl$HamcrestAssertionClosure$validate$1.call(Unknown Source)
	at io.restassured.internal.ResponseSpecificationImpl.validateResponseIfRequired(ResponseSpecificationImpl.groovy:654)
	at sun.reflect.NativeMethodAccessorImpl.invoke0(Native Method)
	at sun.reflect.NativeMethodAccessorImpl.invoke(Unknown Source)
	at sun.reflect.DelegatingMethodAccessorImpl.invoke(Unknown Source)
	at java.lang.reflect.Method.invoke(Unknown Source)
	at org.codehaus.groovy.runtime.callsite.PogoMetaMethodSite$PogoCachedMethodSiteNoUnwrapNoCoerce.invoke(PogoMetaMethodSite.java:210)
	at org.codehaus.groovy.runtime.callsite.PogoMetaMethodSite.callCurrent(PogoMetaMethodSite.java:59)
	at org.codehaus.groovy.runtime.callsite.AbstractCallSite.callCurrent(AbstractCallSite.java:166)
	at io.restassured.internal.ResponseSpecificationImpl.statusCode(ResponseSpecificationImpl.groovy:124)
	at io.restassured.specification.ResponseSpecification$statusCode$1.callCurrent(Unknown Source)
	at io.restassured.internal.ResponseSpecificationImpl.statusCode(ResponseSpecificationImpl.groovy:132)
	at io.restassured.internal.ValidatableResponseOptionsImpl.statusCode(ValidatableResponseOptionsImpl.java:119)
	at epam.rest.utenkov.DashboardTest.testDeleteRequest(DashboardTest.java:75)
	at sun.reflect.NativeMethodAccessorImpl.invoke0(Native Method)
	at sun.reflect.NativeMethodAccessorImpl.invoke(Unknown Source)
	at sun.reflect.DelegatingMethodAccessorImpl.invoke(Unknown Source)
	at java.lang.reflect.Method.invoke(Unknown Source)
	at org.testng.internal.MethodInvocationHelper.invokeMethod(MethodInvocationHelper.java:124)
	at org.testng.internal.Invoker.invokeMethod(Invoker.java:571)
	at org.testng.internal.Invoker.invokeTestMethod(Invoker.java:707)
	at org.testng.internal.Invoker.invokeTestMethods(Invoker.java:979)
	at org.testng.internal.TestMethodWorker.invokeTestMethods(TestMethodWorker.java:125)
	at org.testng.internal.TestMethodWorker.run(TestMethodWorker.java:109)
	at org.testng.TestRunner.privateRun(TestRunner.java:648)
	at org.testng.TestRunner.run(TestRunner.java:505)
	at org.testng.SuiteRunner.runTest(SuiteRunner.java:455)
	at org.testng.SuiteRunner.runSequentially(SuiteRunner.java:450)
	at org.testng.SuiteRunner.privateRun(SuiteRunner.java:415)
	at org.testng.SuiteRunner.run(SuiteRunner.java:364)
	at org.testng.SuiteRunnerWorker.runSuite(SuiteRunnerWorker.java:52)
	at org.testng.SuiteRunnerWorker.run(SuiteRunnerWorker.java:84)
	at org.testng.TestNG.runSuitesSequentially(TestNG.java:1187)
	at org.testng.TestNG.runSuitesLocally(TestNG.java:1116)
	at org.testng.TestNG.runSuites(TestNG.java:1028)
	at org.testng.TestNG.run(TestNG.java:996)
	at org.testng.remote.AbstractRemoteTestNG.run(AbstractRemoteTestNG.java:114)
	at org.testng.remote.RemoteTestNG.initAndRun(RemoteTestNG.java:251)
	at org.testng.remote.RemoteTestNG.main(RemoteTestNG.java:77)
</pre></div></td>
<td>0</td>
<td>epam.rest.utenkov.DashboardTest@31dc339b</td></tr>
</table><p>
<table width='100%' border='1' class='invocation-passed'>
<tr><td colspan='4' align='center'><b>PASSED TESTS</b></td></tr>
<tr><td><b>Test method</b></td>
<td width="30%"><b>Exception</b></td>
<td width="10%"><b>Time (seconds)</b></td>
<td><b>Instance</b></td>
</tr>
<tr>
<td title='epam.rest.utenkov.LaunchTest.allLaunchs()'><b>allLaunchs</b><br>Test class: epam.rest.utenkov.LaunchTest<br>Parameters: FAILED<br/>
<a href="#Output-616412281" onClick='toggleBox("Output-616412281", this, "Show output", "Hide output");'>Show output</a>

<a href="#Output-616412281" onClick="toggleAllBoxes();">Show all outputs</a>
<div class='log' id="Output-616412281">
ReportingAppender:  INFO  LaunchTest#  27: start mathod [allLaunchs]<br><br/>
ReportingAppender:  INFO  LaunchTest#  50: 5a757f1130c49e0001714578<br> Total: 5<br><br/>
ReportingAppender:  INFO  LaunchTest#  50: 5a757f1130c49e00017145f9<br> Total: 20<br><br/>
ReportingAppender:  INFO  LaunchTest#  50: 5a757f1530c49e0001714c94<br> Total: 76<br><br/>
ReportingAppender:  INFO  LaunchTest#  50: 5a757f1a30c49e00017155db<br> Total: 119<br><br/>
ReportingAppender:  INFO  LaunchTest#  50: 5a757f2030c49e0001716304<br> Total: 131<br><br/>
ReportingAppender:  INFO  LaunchTest#  50: 5a757f2730c49e0001717229<br> Total: 133<br><br/>
ReportingAppender:  INFO  LaunchTest#  50: 5a757f2e30c49e0001718277<br> Total: 135<br><br/>
ReportingAppender:  INFO  LaunchTest#  50: 5a757f3630c49e0001719210<br> Total: 137<br><br/>
ReportingAppender:  INFO  LaunchTest#  50: 5a757f3e30c49e000171a22c<br> Total: 138<br><br/>
ReportingAppender:  INFO  LaunchTest#  53: Num Of FAILED Launches: 9<br>===============================================<br><br/>
ReportingAppender:  INFO  LaunchTest#  55: end mathod [allLaunchs]<br><br/>
</div>
</td>
<td></td>
<td>1</td>
<td>epam.rest.utenkov.LaunchTest@544fe44c</td></tr>
<tr>
<td title='epam.rest.utenkov.LaunchTest.allLaunchs()'><b>allLaunchs</b><br>Test class: epam.rest.utenkov.LaunchTest<br>Parameters: PASSED<br/>
<a href="#Output-1174687658" onClick='toggleBox("Output-1174687658", this, "Show output", "Hide output");'>Show output</a>

<a href="#Output-1174687658" onClick="toggleAllBoxes();">Show all outputs</a>
<div class='log' id="Output-1174687658">
ReportingAppender:  INFO  LaunchTest#  27: start mathod [allLaunchs]<br><br/>
ReportingAppender:  INFO  LaunchTest#  50: 5a757f1130c49e0001714578<br> Total: 5<br><br/>
ReportingAppender:  INFO  LaunchTest#  50: 5a757f1130c49e00017145f9<br> Total: 20<br><br/>
ReportingAppender:  INFO  LaunchTest#  50: 5a757f1530c49e0001714c94<br> Total: 76<br><br/>
ReportingAppender:  INFO  LaunchTest#  50: 5a757f1a30c49e00017155db<br> Total: 119<br><br/>
ReportingAppender:  INFO  LaunchTest#  50: 5a757f2030c49e0001716304<br> Total: 131<br><br/>
ReportingAppender:  INFO  LaunchTest#  50: 5a757f2730c49e0001717229<br> Total: 133<br><br/>
ReportingAppender:  INFO  LaunchTest#  50: 5a757f2e30c49e0001718277<br> Total: 135<br><br/>
ReportingAppender:  INFO  LaunchTest#  50: 5a757f3630c49e0001719210<br> Total: 137<br><br/>
ReportingAppender:  INFO  LaunchTest#  50: 5a757f3e30c49e000171a22c<br> Total: 138<br><br/>
ReportingAppender:  INFO  LaunchTest#  53: Num Of PASSED Launches: 0<br>===============================================<br><br/>
ReportingAppender:  INFO  LaunchTest#  55: end mathod [allLaunchs]<br><br/>
</div>
</td>
<td></td>
<td>0</td>
<td>epam.rest.utenkov.LaunchTest@544fe44c</td></tr>
<tr>
<td title='epam.rest.utenkov.LaunchTest.allLaunchs()'><b>allLaunchs</b><br>Test class: epam.rest.utenkov.LaunchTest<br>Parameters: FAILED<br/>
<a href="#Output-1397530667" onClick='toggleBox("Output-1397530667", this, "Show output", "Hide output");'>Show output</a>

<a href="#Output-1397530667" onClick="toggleAllBoxes();">Show all outputs</a>
<div class='log' id="Output-1397530667">
ReportingAppender:  INFO  LaunchTest#  27: start mathod [allLaunchs]<br><br/>
ReportingAppender:  INFO  LaunchTest#  50: 5a757f1130c49e0001714578<br> Total: 5<br><br/>
ReportingAppender:  INFO  LaunchTest#  50: 5a757f1130c49e00017145f9<br> Total: 20<br><br/>
ReportingAppender:  INFO  LaunchTest#  50: 5a757f1530c49e0001714c94<br> Total: 76<br><br/>
ReportingAppender:  INFO  LaunchTest#  50: 5a757f1a30c49e00017155db<br> Total: 119<br><br/>
ReportingAppender:  INFO  LaunchTest#  50: 5a757f2030c49e0001716304<br> Total: 131<br><br/>
ReportingAppender:  INFO  LaunchTest#  50: 5a757f2730c49e0001717229<br> Total: 133<br><br/>
ReportingAppender:  INFO  LaunchTest#  50: 5a757f2e30c49e0001718277<br> Total: 135<br><br/>
ReportingAppender:  INFO  LaunchTest#  50: 5a757f3630c49e0001719210<br> Total: 137<br><br/>
ReportingAppender:  INFO  LaunchTest#  50: 5a757f3e30c49e000171a22c<br> Total: 138<br><br/>
ReportingAppender:  INFO  LaunchTest#  53: Num Of FAILED Launches: 9<br>===============================================<br><br/>
ReportingAppender:  INFO  LaunchTest#  55: end mathod [allLaunchs]<br><br/>
</div>
</td>
<td></td>
<td>0</td>
<td>epam.rest.utenkov.LaunchTest@544fe44c</td></tr>
<tr>
<td title='epam.rest.utenkov.LaunchTest.allLaunchsSecondTest()'><b>allLaunchsSecondTest</b><br>Test class: epam.rest.utenkov.LaunchTest<br/>
<a href="#Output-1003307628" onClick='toggleBox("Output-1003307628", this, "Show output", "Hide output");'>Show output</a>

<a href="#Output-1003307628" onClick="toggleAllBoxes();">Show all outputs</a>
<div class='log' id="Output-1003307628">
ReportingAppender:  INFO  LaunchTest#  60: start mathod [allLaunchsSecondTest]<br><br/>
ReportingAppender:  INFO  LaunchTest#  73: [block while] 5<br><br/>
ReportingAppender:  INFO  LaunchTest#  73: [block while] 20<br><br/>
ReportingAppender:  INFO  LaunchTest#  73: [block while] 76<br><br/>
ReportingAppender:  INFO  LaunchTest#  73: [block while] 119<br><br/>
ReportingAppender:  INFO  LaunchTest#  73: [block while] 131<br><br/>
ReportingAppender:  INFO  LaunchTest#  73: [block while] 133<br><br/>
ReportingAppender:  INFO  LaunchTest#  73: [block while] 135<br><br/>
ReportingAppender:  INFO  LaunchTest#  73: [block while] 137<br><br/>
ReportingAppender:  INFO  LaunchTest#  73: [block while] 138<br><br/>
ReportingAppender:  INFO  LaunchTest#  88: end mathod [allLaunchsSecondTest]<br><br/>
</div>
</td>
<td></td>
<td>1</td>
<td>epam.rest.utenkov.LaunchTest@544fe44c</td></tr>
<tr>
<td title='epam.rest.utenkov.DashboardTest.testCodeResponse()'><b>testCodeResponse</b><br>Test class: epam.rest.utenkov.DashboardTest<br/>
<a href="#Output-612097453" onClick='toggleBox("Output-612097453", this, "Show output", "Hide output");'>Show output</a>

<a href="#Output-612097453" onClick="toggleAllBoxes();">Show all outputs</a>
<div class='log' id="Output-612097453">
ReportingAppender:  INFO    BaseTest#  40: start mathod [testCodeResponse]<br><br/>
ReportingAppender:  INFO    BaseTest#  44: end mathod [testCodeResponse]<br><br/>
</div>
</td>
<td></td>
<td>1</td>
<td>epam.rest.utenkov.DashboardTest@31dc339b</td></tr>
<tr>
<td title='epam.rest.utenkov.LaunchTest.testCodeResponse()'><b>testCodeResponse</b><br>Test class: epam.rest.utenkov.LaunchTest<br/>
<a href="#Output-1660837991" onClick='toggleBox("Output-1660837991", this, "Show output", "Hide output");'>Show output</a>

<a href="#Output-1660837991" onClick="toggleAllBoxes();">Show all outputs</a>
<div class='log' id="Output-1660837991">
ReportingAppender:  INFO    BaseTest#  40: start mathod [testCodeResponse]<br><br/>
ReportingAppender:  INFO    BaseTest#  44: end mathod [testCodeResponse]<br><br/>
</div>
</td>
<td></td>
<td>0</td>
<td>epam.rest.utenkov.LaunchTest@544fe44c</td></tr>
</table><p>
<table width='100%' border='1' class='invocation-skipped'>
<tr><td colspan='4' align='center'><b>SKIPPED TESTS</b></td></tr>
<tr><td><b>Test method</b></td>
<td width="30%"><b>Exception</b></td>
<td width="10%"><b>Time (seconds)</b></td>
<td><b>Instance</b></td>
</tr>
<tr>
<td title='epam.rest.utenkov.DashboardTest.checkDashboardFields()'><b>checkDashboardFields</b><br>Test class: epam.rest.utenkov.DashboardTest</td>
<td><div><pre>java.lang.Throwable: Method DashboardTest.checkDashboardFields()[pri:0, instance:epam.rest.utenkov.DashboardTest@31dc339b] depends on not successfully finished methods
... Removed 18 stack frames</pre></div><a href='#' onClick='toggleBox("stack-trace1757970371", this, "Click to show all stack frames", "Click to hide stack frames")'>Click to show all stack frames</a>
<div class='stack-trace' id='stack-trace1757970371'><pre>java.lang.Throwable: Method DashboardTest.checkDashboardFields()[pri:0, instance:epam.rest.utenkov.DashboardTest@31dc339b] depends on not successfully finished methods
	at org.testng.internal.Invoker.invokeTestMethods(Invoker.java:878)
	at org.testng.internal.TestMethodWorker.invokeTestMethods(TestMethodWorker.java:125)
	at org.testng.internal.TestMethodWorker.run(TestMethodWorker.java:109)
	at org.testng.TestRunner.privateRun(TestRunner.java:648)
	at org.testng.TestRunner.run(TestRunner.java:505)
	at org.testng.SuiteRunner.runTest(SuiteRunner.java:455)
	at org.testng.SuiteRunner.runSequentially(SuiteRunner.java:450)
	at org.testng.SuiteRunner.privateRun(SuiteRunner.java:415)
	at org.testng.SuiteRunner.run(SuiteRunner.java:364)
	at org.testng.SuiteRunnerWorker.runSuite(SuiteRunnerWorker.java:52)
	at org.testng.SuiteRunnerWorker.run(SuiteRunnerWorker.java:84)
	at org.testng.TestNG.runSuitesSequentially(TestNG.java:1187)
	at org.testng.TestNG.runSuitesLocally(TestNG.java:1116)
	at org.testng.TestNG.runSuites(TestNG.java:1028)
	at org.testng.TestNG.run(TestNG.java:996)
	at org.testng.remote.AbstractRemoteTestNG.run(AbstractRemoteTestNG.java:114)
	at org.testng.remote.RemoteTestNG.initAndRun(RemoteTestNG.java:251)
	at org.testng.remote.RemoteTestNG.main(RemoteTestNG.java:77)
</pre></div></td>
<td>0</td>
<td>null</td></tr>
<tr>
<td title='epam.rest.utenkov.DashboardTest.receivingOfDashboards()'><b>receivingOfDashboards</b><br>Test class: epam.rest.utenkov.DashboardTest</td>
<td><div><pre>java.lang.Throwable: Method DashboardTest.receivingOfDashboards()[pri:0, instance:epam.rest.utenkov.DashboardTest@31dc339b] depends on not successfully finished methods
... Removed 18 stack frames</pre></div><a href='#' onClick='toggleBox("stack-trace148353618", this, "Click to show all stack frames", "Click to hide stack frames")'>Click to show all stack frames</a>
<div class='stack-trace' id='stack-trace148353618'><pre>java.lang.Throwable: Method DashboardTest.receivingOfDashboards()[pri:0, instance:epam.rest.utenkov.DashboardTest@31dc339b] depends on not successfully finished methods
	at org.testng.internal.Invoker.invokeTestMethods(Invoker.java:878)
	at org.testng.internal.TestMethodWorker.invokeTestMethods(TestMethodWorker.java:125)
	at org.testng.internal.TestMethodWorker.run(TestMethodWorker.java:109)
	at org.testng.TestRunner.privateRun(TestRunner.java:648)
	at org.testng.TestRunner.run(TestRunner.java:505)
	at org.testng.SuiteRunner.runTest(SuiteRunner.java:455)
	at org.testng.SuiteRunner.runSequentially(SuiteRunner.java:450)
	at org.testng.SuiteRunner.privateRun(SuiteRunner.java:415)
	at org.testng.SuiteRunner.run(SuiteRunner.java:364)
	at org.testng.SuiteRunnerWorker.runSuite(SuiteRunnerWorker.java:52)
	at org.testng.SuiteRunnerWorker.run(SuiteRunnerWorker.java:84)
	at org.testng.TestNG.runSuitesSequentially(TestNG.java:1187)
	at org.testng.TestNG.runSuitesLocally(TestNG.java:1116)
	at org.testng.TestNG.runSuites(TestNG.java:1028)
	at org.testng.TestNG.run(TestNG.java:996)
	at org.testng.remote.AbstractRemoteTestNG.run(AbstractRemoteTestNG.java:114)
	at org.testng.remote.RemoteTestNG.initAndRun(RemoteTestNG.java:251)
	at org.testng.remote.RemoteTestNG.main(RemoteTestNG.java:77)
</pre></div></td>
<td>0</td>
<td>null</td></tr>
<tr>
<td title='epam.rest.utenkov.DashboardTest.testPutRequest()'><b>testPutRequest</b><br>Test class: epam.rest.utenkov.DashboardTest</td>
<td><div><pre>java.lang.Throwable: Method DashboardTest.testPutRequest()[pri:0, instance:epam.rest.utenkov.DashboardTest@31dc339b] depends on not successfully finished methods
... Removed 18 stack frames</pre></div><a href='#' onClick='toggleBox("stack-trace826690115", this, "Click to show all stack frames", "Click to hide stack frames")'>Click to show all stack frames</a>
<div class='stack-trace' id='stack-trace826690115'><pre>java.lang.Throwable: Method DashboardTest.testPutRequest()[pri:0, instance:epam.rest.utenkov.DashboardTest@31dc339b] depends on not successfully finished methods
	at org.testng.internal.Invoker.invokeTestMethods(Invoker.java:878)
	at org.testng.internal.TestMethodWorker.invokeTestMethods(TestMethodWorker.java:125)
	at org.testng.internal.TestMethodWorker.run(TestMethodWorker.java:109)
	at org.testng.TestRunner.privateRun(TestRunner.java:648)
	at org.testng.TestRunner.run(TestRunner.java:505)
	at org.testng.SuiteRunner.runTest(SuiteRunner.java:455)
	at org.testng.SuiteRunner.runSequentially(SuiteRunner.java:450)
	at org.testng.SuiteRunner.privateRun(SuiteRunner.java:415)
	at org.testng.SuiteRunner.run(SuiteRunner.java:364)
	at org.testng.SuiteRunnerWorker.runSuite(SuiteRunnerWorker.java:52)
	at org.testng.SuiteRunnerWorker.run(SuiteRunnerWorker.java:84)
	at org.testng.TestNG.runSuitesSequentially(TestNG.java:1187)
	at org.testng.TestNG.runSuitesLocally(TestNG.java:1116)
	at org.testng.TestNG.runSuites(TestNG.java:1028)
	at org.testng.TestNG.run(TestNG.java:996)
	at org.testng.remote.AbstractRemoteTestNG.run(AbstractRemoteTestNG.java:114)
	at org.testng.remote.RemoteTestNG.initAndRun(RemoteTestNG.java:251)
	at org.testng.remote.RemoteTestNG.main(RemoteTestNG.java:77)
</pre></div></td>
<td>0</td>
<td>null</td></tr>
</table><p>
</body>
</html>