<?xml version="1.0" encoding="UTF-8"?>
<testng-results skipped="0" failed="3" ignored="0" total="7" passed="4">
  <reporter-output>
    <line>
      <![CDATA[ReportingAppender:  INFO    BaseTest#  42: start mathod [testCodeResponse]<br>]]>
    </line>
    <line>
      <![CDATA[ReportingAppender:  INFO    BaseTest#  49: end mathod [testCodeResponse]<br>]]>
    </line>
    <line>
      <![CDATA[ReportingAppender:  INFO    BaseTest#  54: start mathod [addDashboard]<br>]]>
    </line>
    <line>
      <![CDATA[ReportingAppender:  INFO    BaseTest#  56: Dashboard created:Dushboard name: NoName; Description: JustForTest; is share: false<br>]]>
    </line>
    <line>
      <![CDATA[ReportingAppender:  INFO    BaseTest#  76: <br>********************<br>start mathod [receivingOfDashboards]<br>********************<br>]]>
    </line>
    <line>
      <![CDATA[ReportingAppender:  INFO    BaseTest#  85: <br>]]>
    </line>
    <line>
      <![CDATA[ReportingAppender:  INFO    BaseTest#  86: end mathod [receivingOfDashboards]<br>]]>
    </line>
    <line>
      <![CDATA[ReportingAppender:  INFO    BaseTest#  92: start mathod [allLaunchs]<br>]]>
    </line>
    <line>
      <![CDATA[ReportingAppender:  INFO    BaseTest# 122: 5a757f1330c49e0001714840<br> Total: 42<br>]]>
    </line>
    <line>
      <![CDATA[ReportingAppender:  INFO    BaseTest# 122: 5a757f1530c49e0001714c94<br> Total: 76<br>]]>
    </line>
    <line>
      <![CDATA[ReportingAppender:  INFO    BaseTest# 122: 5a757f1a30c49e00017155db<br> Total: 119<br>]]>
    </line>
    <line>
      <![CDATA[ReportingAppender:  INFO    BaseTest# 122: 5a757f2030c49e0001716304<br> Total: 131<br>]]>
    </line>
    <line>
      <![CDATA[ReportingAppender:  INFO    BaseTest# 122: 5a757f2730c49e0001717229<br> Total: 133<br>]]>
    </line>
    <line>
      <![CDATA[ReportingAppender:  INFO    BaseTest# 122: 5a757f2e30c49e0001718277<br> Total: 135<br>]]>
    </line>
    <line>
      <![CDATA[ReportingAppender:  INFO    BaseTest# 122: 5a757f3630c49e0001719210<br> Total: 137<br>]]>
    </line>
    <line>
      <![CDATA[ReportingAppender:  INFO    BaseTest# 122: 5a757f3e30c49e000171a22c<br> Total: 138<br>]]>
    </line>
    <line>
      <![CDATA[ReportingAppender:  INFO    BaseTest# 125: Num Of Failed Launches: 8<br>=============================<br>]]>
    </line>
    <line>
      <![CDATA[ReportingAppender:  INFO    BaseTest# 126: end mathod [allLaunchs]<br>]]>
    </line>
    <line>
      <![CDATA[ReportingAppender:  INFO    BaseTest# 131: start mathod [testPutRequest]<br>]]>
    </line>
    <line>
      <![CDATA[ReportingAppender:  INFO    BaseTest# 132: ID: <br>]]>
    </line>
    <line>
      <![CDATA[ReportingAppender:  INFO    BaseTest# 149: start mathod [testDeleteRequest]<br>]]>
    </line>
    <line>
      <![CDATA[ReportingAppender:  INFO    BaseTest# 165: start mathod [allLaunchsSecondTest]<br>]]>
    </line>
    <line>
      <![CDATA[ReportingAppender:  INFO    BaseTest# 182: 5a757f1130c49e00017145f9<br>]]>
    </line>
    <line>
      <![CDATA[ReportingAppender:  INFO    BaseTest# 182: 5a757f3e30c49e000171a22c<br>]]>
    </line>
    <line>
      <![CDATA[ReportingAppender:  INFO    BaseTest# 186: end mathod [allLaunchsSecondTest]<br>]]>
    </line>
  </reporter-output>
  <suite name="Suite" duration-ms="4706" started-at="2018-02-21T13:45:10Z" finished-at="2018-02-21T13:45:15Z">
    <groups>
    </groups>
    <test name="Test" duration-ms="4706" started-at="2018-02-21T13:45:10Z" finished-at="2018-02-21T13:45:15Z">
      <class name="epam.rest.utenkov.BaseTest">
        <test-method status="PASS" signature="setBasicData()[pri:0, instance:epam.rest.utenkov.BaseTest@6e0e048a]" name="setBasicData" is-config="true" duration-ms="245" started-at="2018-02-21T16:45:10Z" finished-at="2018-02-21T16:45:10Z">
          <reporter-output>
          </reporter-output>
        </test-method> <!-- setBasicData -->
        <test-method status="PASS" signature="testCodeResponse()[pri:0, instance:epam.rest.utenkov.BaseTest@6e0e048a]" name="testCodeResponse" duration-ms="1263" started-at="2018-02-21T16:45:10Z" finished-at="2018-02-21T16:45:12Z">
          <reporter-output>
            <line>
              <![CDATA[ReportingAppender:  INFO    BaseTest#  42: start mathod [testCodeResponse]<br>]]>
            </line>
            <line>
              <![CDATA[ReportingAppender:  INFO    BaseTest#  49: end mathod [testCodeResponse]<br>]]>
            </line>
          </reporter-output>
        </test-method> <!-- testCodeResponse -->
        <test-method status="FAIL" signature="addDashboard()[pri:1, instance:epam.rest.utenkov.BaseTest@6e0e048a]" name="addDashboard" duration-ms="215" started-at="2018-02-21T16:45:12Z" finished-at="2018-02-21T16:45:12Z">
          <exception class="java.lang.NoSuchMethodError">
            <message>
              <![CDATA[com.fasterxml.jackson.annotation.JsonInclude$Value.merge(Lcom/fasterxml/jackson/annotation/JsonInclude$Value;Lcom/fasterxml/jackson/annotation/JsonInclude$Value;)Lcom/fasterxml/jackson/annotation/JsonInclude$Value;]]>
            </message>
            <full-stacktrace>
              <![CDATA[java.lang.NoSuchMethodError: com.fasterxml.jackson.annotation.JsonInclude$Value.merge(Lcom/fasterxml/jackson/annotation/JsonInclude$Value;Lcom/fasterxml/jackson/annotation/JsonInclude$Value;)Lcom/fasterxml/jackson/annotation/JsonInclude$Value;
	at com.fasterxml.jackson.databind.ser.PropertyBuilder.<init>(PropertyBuilder.java:64)
	at com.fasterxml.jackson.databind.ser.BeanSerializerFactory.constructPropertyBuilder(BeanSerializerFactory.java:541)
	at com.fasterxml.jackson.databind.ser.BeanSerializerFactory.findBeanProperties(BeanSerializerFactory.java:592)
	at com.fasterxml.jackson.databind.ser.BeanSerializerFactory.constructBeanSerializer(BeanSerializerFactory.java:399)
	at com.fasterxml.jackson.databind.ser.BeanSerializerFactory.findBeanSerializer(BeanSerializerFactory.java:282)
	at com.fasterxml.jackson.databind.ser.BeanSerializerFactory._createSerializer2(BeanSerializerFactory.java:234)
	at com.fasterxml.jackson.databind.ser.BeanSerializerFactory.createSerializer(BeanSerializerFactory.java:168)
	at com.fasterxml.jackson.databind.SerializerProvider._createUntypedSerializer(SerializerProvider.java:1308)
	at com.fasterxml.jackson.databind.SerializerProvider._createAndCacheUntypedSerializer(SerializerProvider.java:1258)
	at com.fasterxml.jackson.databind.SerializerProvider.findValueSerializer(SerializerProvider.java:500)
	at com.fasterxml.jackson.databind.SerializerProvider.findTypedValueSerializer(SerializerProvider.java:698)
	at com.fasterxml.jackson.databind.ser.DefaultSerializerProvider.serializeValue(DefaultSerializerProvider.java:270)
	at com.fasterxml.jackson.databind.ObjectMapper.writeValue(ObjectMapper.java:2493)
	at com.fasterxml.jackson.databind.ObjectMapper$writeValue$0.call(Unknown Source)
	at org.codehaus.groovy.runtime.callsite.CallSiteArray.defaultCall(CallSiteArray.java:48)
	at org.codehaus.groovy.runtime.callsite.AbstractCallSite.call(AbstractCallSite.java:113)
	at org.codehaus.groovy.runtime.callsite.AbstractCallSite.call(AbstractCallSite.java:133)
	at io.restassured.internal.mapping.Jackson2Mapper.serialize(Jackson2Mapper.groovy:53)
	at io.restassured.internal.mapping.Jackson2Mapper.serialize(Jackson2Mapper.groovy)
	at io.restassured.mapper.ObjectMapper$serialize.call(Unknown Source)
	at org.codehaus.groovy.runtime.callsite.CallSiteArray.defaultCall(CallSiteArray.java:48)
	at org.codehaus.groovy.runtime.callsite.AbstractCallSite.call(AbstractCallSite.java:113)
	at org.codehaus.groovy.runtime.callsite.AbstractCallSite.call(AbstractCallSite.java:125)
	at io.restassured.internal.mapping.ObjectMapping.serializeWithJackson2(ObjectMapping.groovy:181)
	at sun.reflect.NativeMethodAccessorImpl.invoke0(Native Method)
	at sun.reflect.NativeMethodAccessorImpl.invoke(Unknown Source)
	at sun.reflect.DelegatingMethodAccessorImpl.invoke(Unknown Source)
	at java.lang.reflect.Method.invoke(Unknown Source)
	at org.codehaus.groovy.reflection.CachedMethod.invoke(CachedMethod.java:93)
	at org.codehaus.groovy.runtime.callsite.StaticMetaMethodSite$StaticMetaMethodSiteNoUnwrapNoCoerce.invoke(StaticMetaMethodSite.java:151)
	at org.codehaus.groovy.runtime.callsite.StaticMetaMethodSite.callStatic(StaticMetaMethodSite.java:102)
	at org.codehaus.groovy.runtime.callsite.CallSiteArray.defaultCallStatic(CallSiteArray.java:56)
	at org.codehaus.groovy.runtime.callsite.AbstractCallSite.callStatic(AbstractCallSite.java:194)
	at org.codehaus.groovy.runtime.callsite.AbstractCallSite.callStatic(AbstractCallSite.java:214)
	at io.restassured.internal.mapping.ObjectMapping.serialize(ObjectMapping.groovy:117)
	at io.restassured.internal.mapping.ObjectMapping$serialize.call(Unknown Source)
	at org.codehaus.groovy.runtime.callsite.CallSiteArray.defaultCall(CallSiteArray.java:48)
	at org.codehaus.groovy.runtime.callsite.AbstractCallSite.call(AbstractCallSite.java:113)
	at io.restassured.internal.RequestSpecificationImpl.body(RequestSpecificationImpl.groovy:831)
	at epam.rest.utenkov.BaseTest.addDashboard(BaseTest.java:60)
	at sun.reflect.NativeMethodAccessorImpl.invoke0(Native Method)
	at sun.reflect.NativeMethodAccessorImpl.invoke(Unknown Source)
	at sun.reflect.DelegatingMethodAccessorImpl.invoke(Unknown Source)
	at java.lang.reflect.Method.invoke(Unknown Source)
	at org.testng.internal.MethodInvocationHelper.invokeMethod(MethodInvocationHelper.java:104)
	at org.testng.internal.Invoker.invokeMethod(Invoker.java:645)
	at org.testng.internal.Invoker.invokeTestMethod(Invoker.java:851)
	at org.testng.internal.Invoker.invokeTestMethods(Invoker.java:1177)
	at org.testng.internal.TestMethodWorker.invokeTestMethods(TestMethodWorker.java:129)
	at org.testng.internal.TestMethodWorker.run(TestMethodWorker.java:112)
	at org.testng.TestRunner.privateRun(TestRunner.java:756)
	at org.testng.TestRunner.run(TestRunner.java:610)
	at org.testng.SuiteRunner.runTest(SuiteRunner.java:387)
	at org.testng.SuiteRunner.runSequentially(SuiteRunner.java:382)
	at org.testng.SuiteRunner.privateRun(SuiteRunner.java:340)
	at org.testng.SuiteRunner.run(SuiteRunner.java:289)
	at org.testng.SuiteRunnerWorker.runSuite(SuiteRunnerWorker.java:52)
	at org.testng.SuiteRunnerWorker.run(SuiteRunnerWorker.java:86)
	at org.testng.TestNG.runSuitesSequentially(TestNG.java:1293)
	at org.testng.TestNG.runSuitesLocally(TestNG.java:1218)
	at org.testng.TestNG.runSuites(TestNG.java:1133)
	at org.testng.TestNG.run(TestNG.java:1104)
	at org.testng.remote.AbstractRemoteTestNG.run(AbstractRemoteTestNG.java:114)
	at org.testng.remote.RemoteTestNG.initAndRun(RemoteTestNG.java:251)
	at org.testng.remote.RemoteTestNG.main(RemoteTestNG.java:77)
]]>
            </full-stacktrace>
          </exception> <!-- java.lang.NoSuchMethodError -->
          <reporter-output>
            <line>
              <![CDATA[ReportingAppender:  INFO    BaseTest#  54: start mathod [addDashboard]<br>]]>
            </line>
            <line>
              <![CDATA[ReportingAppender:  INFO    BaseTest#  56: Dashboard created:Dushboard name: NoName; Description: JustForTest; is share: false<br>]]>
            </line>
          </reporter-output>
        </test-method> <!-- addDashboard -->
        <test-method status="PASS" signature="receivingOfDashboards()[pri:2, instance:epam.rest.utenkov.BaseTest@6e0e048a]" name="receivingOfDashboards" duration-ms="525" started-at="2018-02-21T16:45:12Z" finished-at="2018-02-21T16:45:12Z">
          <reporter-output>
            <line>
              <![CDATA[ReportingAppender:  INFO    BaseTest#  76: <br>********************<br>start mathod [receivingOfDashboards]<br>********************<br>]]>
            </line>
            <line>
              <![CDATA[ReportingAppender:  INFO    BaseTest#  85: <br>]]>
            </line>
            <line>
              <![CDATA[ReportingAppender:  INFO    BaseTest#  86: end mathod [receivingOfDashboards]<br>]]>
            </line>
          </reporter-output>
        </test-method> <!-- receivingOfDashboards -->
        <test-method status="PASS" signature="allLaunchs()[pri:3, instance:epam.rest.utenkov.BaseTest@6e0e048a]" name="allLaunchs" duration-ms="1250" started-at="2018-02-21T16:45:12Z" finished-at="2018-02-21T16:45:14Z">
          <reporter-output>
            <line>
              <![CDATA[ReportingAppender:  INFO    BaseTest#  92: start mathod [allLaunchs]<br>]]>
            </line>
            <line>
              <![CDATA[ReportingAppender:  INFO    BaseTest# 122: 5a757f1330c49e0001714840<br> Total: 42<br>]]>
            </line>
            <line>
              <![CDATA[ReportingAppender:  INFO    BaseTest# 122: 5a757f1530c49e0001714c94<br> Total: 76<br>]]>
            </line>
            <line>
              <![CDATA[ReportingAppender:  INFO    BaseTest# 122: 5a757f1a30c49e00017155db<br> Total: 119<br>]]>
            </line>
            <line>
              <![CDATA[ReportingAppender:  INFO    BaseTest# 122: 5a757f2030c49e0001716304<br> Total: 131<br>]]>
            </line>
            <line>
              <![CDATA[ReportingAppender:  INFO    BaseTest# 122: 5a757f2730c49e0001717229<br> Total: 133<br>]]>
            </line>
            <line>
              <![CDATA[ReportingAppender:  INFO    BaseTest# 122: 5a757f2e30c49e0001718277<br> Total: 135<br>]]>
            </line>
            <line>
              <![CDATA[ReportingAppender:  INFO    BaseTest# 122: 5a757f3630c49e0001719210<br> Total: 137<br>]]>
            </line>
            <line>
              <![CDATA[ReportingAppender:  INFO    BaseTest# 122: 5a757f3e30c49e000171a22c<br> Total: 138<br>]]>
            </line>
            <line>
              <![CDATA[ReportingAppender:  INFO    BaseTest# 125: Num Of Failed Launches: 8<br>=============================<br>]]>
            </line>
            <line>
              <![CDATA[ReportingAppender:  INFO    BaseTest# 126: end mathod [allLaunchs]<br>]]>
            </line>
          </reporter-output>
        </test-method> <!-- allLaunchs -->
        <test-method status="FAIL" signature="testPutRequest()[pri:4, instance:epam.rest.utenkov.BaseTest@6e0e048a]" name="testPutRequest" duration-ms="3" started-at="2018-02-21T16:45:14Z" finished-at="2018-02-21T16:45:14Z">
          <exception class="java.lang.NoSuchMethodError">
            <message>
              <![CDATA[com.fasterxml.jackson.annotation.JsonInclude$Value.merge(Lcom/fasterxml/jackson/annotation/JsonInclude$Value;Lcom/fasterxml/jackson/annotation/JsonInclude$Value;)Lcom/fasterxml/jackson/annotation/JsonInclude$Value;]]>
            </message>
            <full-stacktrace>
              <![CDATA[java.lang.NoSuchMethodError: com.fasterxml.jackson.annotation.JsonInclude$Value.merge(Lcom/fasterxml/jackson/annotation/JsonInclude$Value;Lcom/fasterxml/jackson/annotation/JsonInclude$Value;)Lcom/fasterxml/jackson/annotation/JsonInclude$Value;
	at com.fasterxml.jackson.databind.ser.PropertyBuilder.<init>(PropertyBuilder.java:64)
	at com.fasterxml.jackson.databind.ser.BeanSerializerFactory.constructPropertyBuilder(BeanSerializerFactory.java:541)
	at com.fasterxml.jackson.databind.ser.BeanSerializerFactory.findBeanProperties(BeanSerializerFactory.java:592)
	at com.fasterxml.jackson.databind.ser.BeanSerializerFactory.constructBeanSerializer(BeanSerializerFactory.java:399)
	at com.fasterxml.jackson.databind.ser.BeanSerializerFactory.findBeanSerializer(BeanSerializerFactory.java:282)
	at com.fasterxml.jackson.databind.ser.BeanSerializerFactory._createSerializer2(BeanSerializerFactory.java:234)
	at com.fasterxml.jackson.databind.ser.BeanSerializerFactory.createSerializer(BeanSerializerFactory.java:168)
	at com.fasterxml.jackson.databind.SerializerProvider._createUntypedSerializer(SerializerProvider.java:1308)
	at com.fasterxml.jackson.databind.SerializerProvider._createAndCacheUntypedSerializer(SerializerProvider.java:1258)
	at com.fasterxml.jackson.databind.SerializerProvider.findValueSerializer(SerializerProvider.java:500)
	at com.fasterxml.jackson.databind.SerializerProvider.findTypedValueSerializer(SerializerProvider.java:698)
	at com.fasterxml.jackson.databind.ser.DefaultSerializerProvider.serializeValue(DefaultSerializerProvider.java:270)
	at com.fasterxml.jackson.databind.ObjectMapper.writeValue(ObjectMapper.java:2493)
	at com.fasterxml.jackson.databind.ObjectMapper$writeValue$0.call(Unknown Source)
	at io.restassured.internal.mapping.Jackson2Mapper.serialize(Jackson2Mapper.groovy:53)
	at io.restassured.internal.mapping.Jackson2Mapper.serialize(Jackson2Mapper.groovy)
	at io.restassured.mapper.ObjectMapper$serialize.call(Unknown Source)
	at io.restassured.internal.mapping.ObjectMapping.serializeWithJackson2(ObjectMapping.groovy:181)
	at sun.reflect.NativeMethodAccessorImpl.invoke0(Native Method)
	at sun.reflect.NativeMethodAccessorImpl.invoke(Unknown Source)
	at sun.reflect.DelegatingMethodAccessorImpl.invoke(Unknown Source)
	at java.lang.reflect.Method.invoke(Unknown Source)
	at org.codehaus.groovy.reflection.CachedMethod.invoke(CachedMethod.java:93)
	at org.codehaus.groovy.runtime.callsite.StaticMetaMethodSite$StaticMetaMethodSiteNoUnwrapNoCoerce.invoke(StaticMetaMethodSite.java:151)
	at org.codehaus.groovy.runtime.callsite.StaticMetaMethodSite.callStatic(StaticMetaMethodSite.java:102)
	at org.codehaus.groovy.runtime.callsite.AbstractCallSite.callStatic(AbstractCallSite.java:214)
	at io.restassured.internal.mapping.ObjectMapping.serialize(ObjectMapping.groovy:117)
	at io.restassured.internal.mapping.ObjectMapping$serialize.call(Unknown Source)
	at io.restassured.internal.RequestSpecificationImpl.body(RequestSpecificationImpl.groovy:831)
	at epam.rest.utenkov.BaseTest.testPutRequest(BaseTest.java:136)
	at sun.reflect.NativeMethodAccessorImpl.invoke0(Native Method)
	at sun.reflect.NativeMethodAccessorImpl.invoke(Unknown Source)
	at sun.reflect.DelegatingMethodAccessorImpl.invoke(Unknown Source)
	at java.lang.reflect.Method.invoke(Unknown Source)
	at org.testng.internal.MethodInvocationHelper.invokeMethod(MethodInvocationHelper.java:104)
	at org.testng.internal.Invoker.invokeMethod(Invoker.java:645)
	at org.testng.internal.Invoker.invokeTestMethod(Invoker.java:851)
	at org.testng.internal.Invoker.invokeTestMethods(Invoker.java:1177)
	at org.testng.internal.TestMethodWorker.invokeTestMethods(TestMethodWorker.java:129)
	at org.testng.internal.TestMethodWorker.run(TestMethodWorker.java:112)
	at org.testng.TestRunner.privateRun(TestRunner.java:756)
	at org.testng.TestRunner.run(TestRunner.java:610)
	at org.testng.SuiteRunner.runTest(SuiteRunner.java:387)
	at org.testng.SuiteRunner.runSequentially(SuiteRunner.java:382)
	at org.testng.SuiteRunner.privateRun(SuiteRunner.java:340)
	at org.testng.SuiteRunner.run(SuiteRunner.java:289)
	at org.testng.SuiteRunnerWorker.runSuite(SuiteRunnerWorker.java:52)
	at org.testng.SuiteRunnerWorker.run(SuiteRunnerWorker.java:86)
	at org.testng.TestNG.runSuitesSequentially(TestNG.java:1293)
	at org.testng.TestNG.runSuitesLocally(TestNG.java:1218)
	at org.testng.TestNG.runSuites(TestNG.java:1133)
	at org.testng.TestNG.run(TestNG.java:1104)
	at org.testng.remote.AbstractRemoteTestNG.run(AbstractRemoteTestNG.java:114)
	at org.testng.remote.RemoteTestNG.initAndRun(RemoteTestNG.java:251)
	at org.testng.remote.RemoteTestNG.main(RemoteTestNG.java:77)
]]>
            </full-stacktrace>
          </exception> <!-- java.lang.NoSuchMethodError -->
          <reporter-output>
            <line>
              <![CDATA[ReportingAppender:  INFO    BaseTest# 131: start mathod [testPutRequest]<br>]]>
            </line>
            <line>
              <![CDATA[ReportingAppender:  INFO    BaseTest# 132: ID: <br>]]>
            </line>
          </reporter-output>
        </test-method> <!-- testPutRequest -->
        <test-method status="FAIL" signature="testDeleteRequest()[pri:5, instance:epam.rest.utenkov.BaseTest@6e0e048a]" name="testDeleteRequest" duration-ms="529" started-at="2018-02-21T16:45:14Z" finished-at="2018-02-21T16:45:14Z">
          <exception class="java.lang.AssertionError">
            <message>
              <![CDATA[1 expectation failed.
Expected status code <200> but was <405>.
]]>
            </message>
            <full-stacktrace>
              <![CDATA[java.lang.AssertionError: 1 expectation failed.
Expected status code <200> but was <405>.

	at sun.reflect.NativeConstructorAccessorImpl.newInstance0(Native Method)
	at sun.reflect.NativeConstructorAccessorImpl.newInstance(Unknown Source)
	at sun.reflect.DelegatingConstructorAccessorImpl.newInstance(Unknown Source)
	at java.lang.reflect.Constructor.newInstance(Unknown Source)
	at org.codehaus.groovy.reflection.CachedConstructor.invoke(CachedConstructor.java:83)
	at org.codehaus.groovy.reflection.CachedConstructor.doConstructorInvoke(CachedConstructor.java:77)
	at org.codehaus.groovy.runtime.callsite.ConstructorSite$ConstructorSiteNoUnwrap.callConstructor(ConstructorSite.java:84)
	at org.codehaus.groovy.runtime.callsite.CallSiteArray.defaultCallConstructor(CallSiteArray.java:60)
	at org.codehaus.groovy.runtime.callsite.AbstractCallSite.callConstructor(AbstractCallSite.java:235)
	at org.codehaus.groovy.runtime.callsite.AbstractCallSite.callConstructor(AbstractCallSite.java:247)
	at io.restassured.internal.ResponseSpecificationImpl$HamcrestAssertionClosure.validate(ResponseSpecificationImpl.groovy:471)
	at io.restassured.internal.ResponseSpecificationImpl$HamcrestAssertionClosure$validate$1.call(Unknown Source)
	at io.restassured.internal.ResponseSpecificationImpl.validateResponseIfRequired(ResponseSpecificationImpl.groovy:643)
	at sun.reflect.NativeMethodAccessorImpl.invoke0(Native Method)
	at sun.reflect.NativeMethodAccessorImpl.invoke(Unknown Source)
	at sun.reflect.DelegatingMethodAccessorImpl.invoke(Unknown Source)
	at java.lang.reflect.Method.invoke(Unknown Source)
	at org.codehaus.groovy.runtime.callsite.PogoMetaMethodSite$PogoCachedMethodSiteNoUnwrapNoCoerce.invoke(PogoMetaMethodSite.java:210)
	at org.codehaus.groovy.runtime.callsite.PogoMetaMethodSite.callCurrent(PogoMetaMethodSite.java:59)
	at org.codehaus.groovy.runtime.callsite.AbstractCallSite.callCurrent(AbstractCallSite.java:166)
	at io.restassured.internal.ResponseSpecificationImpl.statusCode(ResponseSpecificationImpl.groovy:122)
	at io.restassured.specification.ResponseSpecification$statusCode$0.callCurrent(Unknown Source)
	at io.restassured.internal.ResponseSpecificationImpl.statusCode(ResponseSpecificationImpl.groovy:130)
	at io.restassured.internal.ValidatableResponseOptionsImpl.statusCode(ValidatableResponseOptionsImpl.java:117)
	at epam.rest.utenkov.BaseTest.testDeleteRequest(BaseTest.java:155)
	at sun.reflect.NativeMethodAccessorImpl.invoke0(Native Method)
	at sun.reflect.NativeMethodAccessorImpl.invoke(Unknown Source)
	at sun.reflect.DelegatingMethodAccessorImpl.invoke(Unknown Source)
	at java.lang.reflect.Method.invoke(Unknown Source)
	at org.testng.internal.MethodInvocationHelper.invokeMethod(MethodInvocationHelper.java:104)
	at org.testng.internal.Invoker.invokeMethod(Invoker.java:645)
	at org.testng.internal.Invoker.invokeTestMethod(Invoker.java:851)
	at org.testng.internal.Invoker.invokeTestMethods(Invoker.java:1177)
	at org.testng.internal.TestMethodWorker.invokeTestMethods(TestMethodWorker.java:129)
	at org.testng.internal.TestMethodWorker.run(TestMethodWorker.java:112)
	at org.testng.TestRunner.privateRun(TestRunner.java:756)
	at org.testng.TestRunner.run(TestRunner.java:610)
	at org.testng.SuiteRunner.runTest(SuiteRunner.java:387)
	at org.testng.SuiteRunner.runSequentially(SuiteRunner.java:382)
	at org.testng.SuiteRunner.privateRun(SuiteRunner.java:340)
	at org.testng.SuiteRunner.run(SuiteRunner.java:289)
	at org.testng.SuiteRunnerWorker.runSuite(SuiteRunnerWorker.java:52)
	at org.testng.SuiteRunnerWorker.run(SuiteRunnerWorker.java:86)
	at org.testng.TestNG.runSuitesSequentially(TestNG.java:1293)
	at org.testng.TestNG.runSuitesLocally(TestNG.java:1218)
	at org.testng.TestNG.runSuites(TestNG.java:1133)
	at org.testng.TestNG.run(TestNG.java:1104)
	at org.testng.remote.AbstractRemoteTestNG.run(AbstractRemoteTestNG.java:114)
	at org.testng.remote.RemoteTestNG.initAndRun(RemoteTestNG.java:251)
	at org.testng.remote.RemoteTestNG.main(RemoteTestNG.java:77)
]]>
            </full-stacktrace>
          </exception> <!-- java.lang.AssertionError -->
          <reporter-output>
            <line>
              <![CDATA[ReportingAppender:  INFO    BaseTest# 149: start mathod [testDeleteRequest]<br>]]>
            </line>
          </reporter-output>
        </test-method> <!-- testDeleteRequest -->
        <test-method status="PASS" signature="allLaunchsSecondTest()[pri:6, instance:epam.rest.utenkov.BaseTest@6e0e048a]" name="allLaunchsSecondTest" duration-ms="651" started-at="2018-02-21T16:45:14Z" finished-at="2018-02-21T16:45:15Z">
          <reporter-output>
            <line>
              <![CDATA[ReportingAppender:  INFO    BaseTest# 165: start mathod [allLaunchsSecondTest]<br>]]>
            </line>
            <line>
              <![CDATA[ReportingAppender:  INFO    BaseTest# 182: 5a757f1130c49e00017145f9<br>]]>
            </line>
            <line>
              <![CDATA[ReportingAppender:  INFO    BaseTest# 182: 5a757f3e30c49e000171a22c<br>]]>
            </line>
            <line>
              <![CDATA[ReportingAppender:  INFO    BaseTest# 186: end mathod [allLaunchsSecondTest]<br>]]>
            </line>
          </reporter-output>
        </test-method> <!-- allLaunchsSecondTest -->
      </class> <!-- epam.rest.utenkov.BaseTest -->
    </test> <!-- Test -->
  </suite> <!-- Suite -->
</testng-results>
